{"C:\\Users\\AlaaA\\Documents\\fend2\\evaluate-news-nlp\\src\\client\\js\\app.js": {"path":"C:\\Users\\AlaaA\\Documents\\fend2\\evaluate-news-nlp\\src\\client\\js\\app.js","statementMap":{"0":{"start":{"line":1,"column":55},"end":{"line":1,"column":67}},"1":{"start":{"line":2,"column":14},"end":{"line":2,"column":35}},"2":{"start":{"line":5,"column":33},"end":{"line":23,"column":1}},"3":{"start":{"line":8,"column":18},"end":{"line":14,"column":3}},"4":{"start":{"line":16,"column":12},"end":{"line":16,"column":33}},"5":{"start":{"line":19,"column":1},"end":{"line":21,"column":2}},"6":{"start":{"line":20,"column":2},"end":{"line":20,"column":18}},"7":{"start":{"line":22,"column":1},"end":{"line":22,"column":13}},"8":{"start":{"line":26,"column":19},"end":{"line":30,"column":1}},"9":{"start":{"line":28,"column":18},"end":{"line":28,"column":59}},"10":{"start":{"line":29,"column":1},"end":{"line":29,"column":16}},"11":{"start":{"line":33,"column":17},"end":{"line":42,"column":1}},"12":{"start":{"line":34,"column":19},"end":{"line":34,"column":53}},"13":{"start":{"line":36,"column":1},"end":{"line":41,"column":4}},"14":{"start":{"line":37,"column":21},"end":{"line":37,"column":50}},"15":{"start":{"line":38,"column":2},"end":{"line":38,"column":37}},"16":{"start":{"line":39,"column":2},"end":{"line":39,"column":48}},"17":{"start":{"line":40,"column":2},"end":{"line":40,"column":36}},"18":{"start":{"line":47,"column":0},"end":{"line":65,"column":3}},"19":{"start":{"line":49,"column":26},"end":{"line":49,"column":66}},"20":{"start":{"line":50,"column":4},"end":{"line":64,"column":6}},"21":{"start":{"line":53,"column":5},"end":{"line":53,"column":55}},"22":{"start":{"line":55,"column":5},"end":{"line":63,"column":6}},"23":{"start":{"line":56,"column":6},"end":{"line":60,"column":7}},"24":{"start":{"line":57,"column":23},"end":{"line":57,"column":40}},"25":{"start":{"line":58,"column":30},"end":{"line":58,"column":79}},"26":{"start":{"line":59,"column":7},"end":{"line":59,"column":32}},"27":{"start":{"line":62,"column":6},"end":{"line":62,"column":23}}},"fnMap":{"0":{"name":"(anonymous_0)","decl":{"start":{"line":5,"column":33},"end":{"line":5,"column":34}},"loc":{"start":{"line":5,"column":62},"end":{"line":23,"column":1}},"line":5},"1":{"name":"(anonymous_1)","decl":{"start":{"line":26,"column":19},"end":{"line":26,"column":20}},"loc":{"start":{"line":26,"column":23},"end":{"line":30,"column":1}},"line":26},"2":{"name":"(anonymous_2)","decl":{"start":{"line":33,"column":17},"end":{"line":33,"column":18}},"loc":{"start":{"line":33,"column":25},"end":{"line":42,"column":1}},"line":33},"3":{"name":"(anonymous_3)","decl":{"start":{"line":36,"column":27},"end":{"line":36,"column":28}},"loc":{"start":{"line":36,"column":33},"end":{"line":41,"column":2}},"line":36},"4":{"name":"(anonymous_4)","decl":{"start":{"line":47,"column":46},"end":{"line":47,"column":47}},"loc":{"start":{"line":47,"column":57},"end":{"line":65,"column":1}},"line":47},"5":{"name":"(anonymous_5)","decl":{"start":{"line":50,"column":44},"end":{"line":50,"column":45}},"loc":{"start":{"line":50,"column":59},"end":{"line":64,"column":5}},"line":50}},"branchMap":{"0":{"loc":{"start":{"line":5,"column":40},"end":{"line":5,"column":46}},"type":"default-arg","locations":[{"start":{"line":5,"column":44},"end":{"line":5,"column":46}}],"line":5},"1":{"loc":{"start":{"line":5,"column":48},"end":{"line":5,"column":58}},"type":"default-arg","locations":[{"start":{"line":5,"column":56},"end":{"line":5,"column":58}}],"line":5},"2":{"loc":{"start":{"line":19,"column":1},"end":{"line":21,"column":2}},"type":"if","locations":[{"start":{"line":19,"column":1},"end":{"line":21,"column":2}},{"start":{"line":19,"column":1},"end":{"line":21,"column":2}}],"line":19},"3":{"loc":{"start":{"line":56,"column":6},"end":{"line":60,"column":7}},"type":"if","locations":[{"start":{"line":56,"column":6},"end":{"line":60,"column":7}},{"start":{"line":56,"column":6},"end":{"line":60,"column":7}}],"line":56}},"s":{"0":1,"1":1,"2":1,"3":1,"4":1,"5":1,"6":0,"7":1,"8":1,"9":0,"10":0,"11":1,"12":0,"13":0,"14":0,"15":0,"16":0,"17":0,"18":1,"19":0,"20":0,"21":0,"22":0,"23":0,"24":0,"25":0,"26":0,"27":0},"f":{"0":1,"1":0,"2":0,"3":0,"4":0,"5":0},"b":{"0":[0],"1":[0],"2":[0,1],"3":[0,0]},"_coverageSchema":"1a1c01bbd47fc00a2c39e90264f33305004495a9","hash":"dea801fd40b463a570ea664339398edf9a644de4"}
,"C:\\Users\\AlaaA\\Documents\\fend2\\evaluate-news-nlp\\src\\client\\js\\helpers.js": {"path":"C:\\Users\\AlaaA\\Documents\\fend2\\evaluate-news-nlp\\src\\client\\js\\helpers.js","statementMap":{"0":{"start":{"line":2,"column":27},"end":{"line":8,"column":1}},"1":{"start":{"line":3,"column":1},"end":{"line":7,"column":2}},"2":{"start":{"line":4,"column":2},"end":{"line":4,"column":21}},"3":{"start":{"line":6,"column":2},"end":{"line":6,"column":62}},"4":{"start":{"line":10,"column":28},"end":{"line":33,"column":1}},"5":{"start":{"line":12,"column":19},"end":{"line":12,"column":62}},"6":{"start":{"line":13,"column":18},"end":{"line":13,"column":53}},"7":{"start":{"line":16,"column":1},"end":{"line":18,"column":2}},"8":{"start":{"line":17,"column":2},"end":{"line":17,"column":104}},"9":{"start":{"line":21,"column":1},"end":{"line":32,"column":2}},"10":{"start":{"line":22,"column":2},"end":{"line":22,"column":25}},"11":{"start":{"line":23,"column":2},"end":{"line":23,"column":26}},"12":{"start":{"line":25,"column":2},"end":{"line":25,"column":43}},"13":{"start":{"line":27,"column":2},"end":{"line":27,"column":15}},"14":{"start":{"line":30,"column":2},"end":{"line":30,"column":80}},"15":{"start":{"line":31,"column":2},"end":{"line":31,"column":14}},"16":{"start":{"line":35,"column":19},"end":{"line":37,"column":1}},"17":{"start":{"line":36,"column":1},"end":{"line":36,"column":20}}},"fnMap":{"0":{"name":"(anonymous_0)","decl":{"start":{"line":2,"column":27},"end":{"line":2,"column":28}},"loc":{"start":{"line":2,"column":35},"end":{"line":8,"column":1}},"line":2},"1":{"name":"(anonymous_1)","decl":{"start":{"line":10,"column":28},"end":{"line":10,"column":29}},"loc":{"start":{"line":10,"column":37},"end":{"line":33,"column":1}},"line":10},"2":{"name":"(anonymous_2)","decl":{"start":{"line":35,"column":19},"end":{"line":35,"column":20}},"loc":{"start":{"line":35,"column":33},"end":{"line":37,"column":1}},"line":35}},"branchMap":{"0":{"loc":{"start":{"line":3,"column":1},"end":{"line":7,"column":2}},"type":"if","locations":[{"start":{"line":3,"column":1},"end":{"line":7,"column":2}},{"start":{"line":3,"column":1},"end":{"line":7,"column":2}}],"line":3},"1":{"loc":{"start":{"line":16,"column":1},"end":{"line":18,"column":2}},"type":"if","locations":[{"start":{"line":16,"column":1},"end":{"line":18,"column":2}},{"start":{"line":16,"column":1},"end":{"line":18,"column":2}}],"line":16},"2":{"loc":{"start":{"line":21,"column":1},"end":{"line":32,"column":2}},"type":"if","locations":[{"start":{"line":21,"column":1},"end":{"line":32,"column":2}},{"start":{"line":21,"column":1},"end":{"line":32,"column":2}}],"line":21}},"s":{"0":2,"1":0,"2":0,"3":0,"4":2,"5":1,"6":1,"7":1,"8":1,"9":1,"10":1,"11":1,"12":1,"13":1,"14":0,"15":0,"16":2,"17":0},"f":{"0":0,"1":1,"2":0},"b":{"0":[0,0],"1":[1,0],"2":[1,0]},"_coverageSchema":"1a1c01bbd47fc00a2c39e90264f33305004495a9","hash":"09ead9dec44644e61290b11ad8900d428c71e703"}
}
