TN:
SF:src\client\js\app.js
FN:5,(anonymous_0)
FN:26,(anonymous_1)
FN:33,(anonymous_2)
FN:36,(anonymous_3)
FN:47,(anonymous_4)
FN:50,(anonymous_5)
FNF:6
FNH:1
FNDA:1,(anonymous_0)
FNDA:0,(anonymous_1)
FNDA:0,(anonymous_2)
FNDA:0,(anonymous_3)
FNDA:0,(anonymous_4)
FNDA:0,(anonymous_5)
DA:1,1
DA:2,1
DA:5,1
DA:8,1
DA:16,1
DA:19,1
DA:20,0
DA:22,1
DA:26,1
DA:28,0
DA:29,0
DA:33,1
DA:34,0
DA:36,0
DA:37,0
DA:38,0
DA:39,0
DA:40,0
DA:47,1
DA:49,0
DA:50,0
DA:53,0
DA:55,0
DA:56,0
DA:57,0
DA:58,0
DA:59,0
DA:62,0
LF:28
LH:10
BRDA:5,0,0,0
BRDA:5,1,0,0
BRDA:19,2,0,0
BRDA:19,2,1,1
BRDA:56,3,0,0
BRDA:56,3,1,0
BRF:6
BRH:1
end_of_record
TN:
SF:src\client\js\helpers.js
FN:2,(anonymous_0)
FN:10,(anonymous_1)
FN:35,(anonymous_2)
FNF:3
FNH:1
FNDA:0,(anonymous_0)
FNDA:1,(anonymous_1)
FNDA:0,(anonymous_2)
DA:2,2
DA:3,0
DA:4,0
DA:6,0
DA:10,2
DA:12,1
DA:13,1
DA:16,1
DA:17,1
DA:21,1
DA:22,1
DA:23,1
DA:25,1
DA:27,1
DA:30,0
DA:31,0
DA:35,2
DA:36,0
LF:18
LH:12
BRDA:3,0,0,0
BRDA:3,0,1,0
BRDA:16,1,0,1
BRDA:16,1,1,0
BRDA:21,2,0,1
BRDA:21,2,1,0
BRF:6
BRH:2
end_of_record
